  App.cpp
D:\files\VulkanFiles_Summer2021\ScreenSaver-GLSL\GraphicsEngine.h(4,10): fatal error C1083: Cannot open include file: 'GLFW/glfw3.h': No such file or directory
  BaseObject.cpp
D:\files\VulkanFiles_Summer2021\ScreenSaver-GLSL\GraphicalObject.h(4,10): fatal error C1083: Cannot open include file: 'GLFW/glfw3.h': No such file or directory
  bouncingRectangle.cpp
D:\files\VulkanFiles_Summer2021\ScreenSaver-GLSL\GraphicalObject.h(4,10): fatal error C1083: Cannot open include file: 'GLFW/glfw3.h': No such file or directory
  Buffers.cpp
D:\files\VulkanFiles_Summer2021\ScreenSaver-GLSL\GraphicsEngine.h(4,10): fatal error C1083: Cannot open include file: 'GLFW/glfw3.h': No such file or directory
  Callbacks.cpp
D:\files\VulkanFiles_Summer2021\ScreenSaver-GLSL\GraphicsEngine.h(4,10): fatal error C1083: Cannot open include file: 'GLFW/glfw3.h': No such file or directory
  Debug.cpp
D:\files\VulkanFiles_Summer2021\ScreenSaver-GLSL\GraphicsEngine.h(4,10): fatal error C1083: Cannot open include file: 'GLFW/glfw3.h': No such file or directory
  Devices.cpp
D:\files\VulkanFiles_Summer2021\ScreenSaver-GLSL\GraphicsEngine.h(4,10): fatal error C1083: Cannot open include file: 'GLFW/glfw3.h': No such file or directory
  frame.cpp
D:\files\VulkanFiles_Summer2021\ScreenSaver-GLSL\GraphicsEngine.h(4,10): fatal error C1083: Cannot open include file: 'GLFW/glfw3.h': No such file or directory
  GraphicalObject.cpp
D:\files\VulkanFiles_Summer2021\ScreenSaver-GLSL\GraphicalObject.h(4,10): fatal error C1083: Cannot open include file: 'GLFW/glfw3.h': No such file or directory
  GraphicsEngine.cpp
D:\files\VulkanFiles_Summer2021\ScreenSaver-GLSL\GraphicsEngine.h(4,10): fatal error C1083: Cannot open include file: 'GLFW/glfw3.h': No such file or directory
  Main.cpp
D:\files\VulkanFiles_Summer2021\ScreenSaver-GLSL\GraphicsEngine.h(4,10): fatal error C1083: Cannot open include file: 'GLFW/glfw3.h': No such file or directory
  Spatial.cpp
D:\files\VulkanFiles_Summer2021\ScreenSaver-GLSL\Spatial.h(3,10): fatal error C1083: Cannot open include file: 'glm/glm.hpp': No such file or directory
  SwapChain.cpp
D:\files\VulkanFiles_Summer2021\ScreenSaver-GLSL\GraphicsEngine.h(4,10): fatal error C1083: Cannot open include file: 'GLFW/glfw3.h': No such file or directory
  Generating Code...
